2024-09-28 14:25:53,013 - INFO - Logging is configured successfully.
2024-09-28 14:30:20,007 - INFO - Logging is configured successfully.
2024-09-28 14:47:36,479 - INFO - Logging is configured successfully.
2024-09-28 14:47:36,651 - INFO - Loaded historical weather data.
2024-09-28 14:47:36,651 - INFO - Outliers handled.
2024-09-28 15:03:20,172 - INFO - Logging is configured successfully.
2024-09-28 15:03:20,360 - INFO - Loaded historical weather data.
2024-09-28 15:03:20,375 - INFO - Outliers handled.
2024-09-28 15:03:20,453 - INFO - Calculated basic statistics: {'describe':           MinTemp     MaxTemp    Rainfall  ...     Temp9am     Temp3pm     RISK_MM
count  366.000000  366.000000  366.000000  ...  366.000000  366.000000  366.000000
mean     7.210109   20.493716    1.008197  ...   12.294877   19.173224    1.008197
std      5.929308    6.575162    2.352041  ...    5.515646    6.523206    2.352041
min     -5.300000    7.600000    0.000000  ...    0.100000    5.100000    0.000000
25%      2.300000   15.025000    0.000000  ...    7.625000   14.150000    0.000000
50%      7.450000   19.650000    0.000000  ...   12.550000   18.550000    0.000000
75%     12.500000   25.500000    0.200000  ...   17.000000   24.000000    0.200000
max     16.500000   33.200000    8.800000  ...   21.375000   31.600000    8.800000

[8 rows x 17 columns], 'correlation':                 MinTemp   MaxTemp  Rainfall  ...  RainToday   RISK_MM  RainTomorrow
MinTemp        1.000000  0.753208  0.234460  ...   0.229640  0.247257      0.223159
MaxTemp        0.753208  1.000000 -0.066972  ...  -0.063624  0.045621      0.049586
Rainfall       0.234460 -0.066972  1.000000  ...   0.863695  0.152780      0.148435
Evaporation    0.653257  0.699995 -0.022511  ...  -0.026026  0.084900      0.087212
Sunshine       0.031085  0.445437 -0.181803  ...  -0.168215 -0.404707     -0.386667
WindGustDir   -0.203626 -0.225057  0.031317  ...   0.055795  0.065333      0.050831
WindGustSpeed  0.220847  0.107085  0.134884  ...   0.178933  0.230951      0.221053
WindDir9am    -0.171688 -0.145778 -0.036295  ...  -0.007160 -0.089853     -0.056109
WindDir3pm    -0.070756  0.017553  0.066499  ...   0.046328 -0.031450      0.007165
WindSpeed9am   0.121579 -0.219793  0.241945  ...   0.256977  0.066224      0.070978
WindSpeed3pm  -0.082699 -0.191697  0.081032  ...   0.084288  0.014286      0.014355
Humidity9am   -0.207738 -0.355153  0.208770  ...   0.206593  0.175924      0.181634
Humidity3pm   -0.052727 -0.543851  0.318150  ...   0.310894  0.367398      0.338845
Pressure9am   -0.495406 -0.282915 -0.374392  ...  -0.354820 -0.331636     -0.333617
Pressure3pm   -0.491296 -0.372638 -0.294811  ...  -0.280860 -0.365113     -0.375912
Cloud9am       0.213360 -0.174071  0.225756  ...   0.214767  0.296840      0.284579
Cloud3pm       0.119821 -0.132186  0.110585  ...   0.094423  0.376206      0.388020
Temp9am        0.919094  0.867927  0.102461  ...   0.093139  0.204836      0.181358
Temp3pm        0.723852  0.989048 -0.079391  ...  -0.069747  0.006421      0.011201
RainToday      0.229640 -0.063624  0.863695  ...   1.000000  0.179296      0.168182
RISK_MM        0.247257  0.045621  0.152780  ...   0.179296  1.000000      0.863695
RainTomorrow   0.223159  0.049586  0.148435  ...   0.168182  0.863695      1.000000

[22 rows x 22 columns]}
2024-09-28 15:03:20,500 - INFO - Analysis results saved to data/weather_analysis_results.txt
2024-09-28 15:15:24,165 - INFO - Logging is configured successfully.
2024-09-28 15:15:24,383 - INFO - Loaded historical weather data.
2024-09-28 15:15:24,399 - INFO - Outliers handled.
2024-09-28 15:15:24,539 - INFO - Calculated basic statistics: {'describe':           MinTemp     MaxTemp    Rainfall  ...     Temp9am     Temp3pm     RISK_MM
count  366.000000  366.000000  366.000000  ...  366.000000  366.000000  366.000000
mean     7.210109   20.493716    1.008197  ...   12.294877   19.173224    1.008197
std      5.929308    6.575162    2.352041  ...    5.515646    6.523206    2.352041
min     -5.300000    7.600000    0.000000  ...    0.100000    5.100000    0.000000
25%      2.300000   15.025000    0.000000  ...    7.625000   14.150000    0.000000
50%      7.450000   19.650000    0.000000  ...   12.550000   18.550000    0.000000
75%     12.500000   25.500000    0.200000  ...   17.000000   24.000000    0.200000
max     16.500000   33.200000    8.800000  ...   21.375000   31.600000    8.800000

[8 rows x 17 columns], 'correlation':                 MinTemp   MaxTemp  Rainfall  ...  RainToday   RISK_MM  RainTomorrow
MinTemp        1.000000  0.753208  0.234460  ...   0.229640  0.247257      0.223159
MaxTemp        0.753208  1.000000 -0.066972  ...  -0.063624  0.045621      0.049586
Rainfall       0.234460 -0.066972  1.000000  ...   0.863695  0.152780      0.148435
Evaporation    0.653257  0.699995 -0.022511  ...  -0.026026  0.084900      0.087212
Sunshine       0.031085  0.445437 -0.181803  ...  -0.168215 -0.404707     -0.386667
WindGustDir   -0.203626 -0.225057  0.031317  ...   0.055795  0.065333      0.050831
WindGustSpeed  0.220847  0.107085  0.134884  ...   0.178933  0.230951      0.221053
WindDir9am    -0.171688 -0.145778 -0.036295  ...  -0.007160 -0.089853     -0.056109
WindDir3pm    -0.070756  0.017553  0.066499  ...   0.046328 -0.031450      0.007165
WindSpeed9am   0.121579 -0.219793  0.241945  ...   0.256977  0.066224      0.070978
WindSpeed3pm  -0.082699 -0.191697  0.081032  ...   0.084288  0.014286      0.014355
Humidity9am   -0.207738 -0.355153  0.208770  ...   0.206593  0.175924      0.181634
Humidity3pm   -0.052727 -0.543851  0.318150  ...   0.310894  0.367398      0.338845
Pressure9am   -0.495406 -0.282915 -0.374392  ...  -0.354820 -0.331636     -0.333617
Pressure3pm   -0.491296 -0.372638 -0.294811  ...  -0.280860 -0.365113     -0.375912
Cloud9am       0.213360 -0.174071  0.225756  ...   0.214767  0.296840      0.284579
Cloud3pm       0.119821 -0.132186  0.110585  ...   0.094423  0.376206      0.388020
Temp9am        0.919094  0.867927  0.102461  ...   0.093139  0.204836      0.181358
Temp3pm        0.723852  0.989048 -0.079391  ...  -0.069747  0.006421      0.011201
RainToday      0.229640 -0.063624  0.863695  ...   1.000000  0.179296      0.168182
RISK_MM        0.247257  0.045621  0.152780  ...   0.179296  1.000000      0.863695
RainTomorrow   0.223159  0.049586  0.148435  ...   0.168182  0.863695      1.000000

[22 rows x 22 columns]}
2024-09-28 15:15:24,586 - INFO - Analysis results saved to data/weather_analysis_results.txt
2024-09-28 15:17:41,242 - INFO - Logging is configured successfully.
2024-09-28 15:17:41,258 - INFO - Loaded historical weather data.
2024-09-28 15:17:41,274 - INFO - Outliers handled.
2024-09-28 15:17:41,352 - INFO - Calculated basic statistics: {'describe':           MinTemp     MaxTemp    Rainfall  ...     Temp9am     Temp3pm     RISK_MM
count  366.000000  366.000000  366.000000  ...  366.000000  366.000000  366.000000
mean     7.210109   20.493716    1.008197  ...   12.294877   19.173224    1.008197
std      5.929308    6.575162    2.352041  ...    5.515646    6.523206    2.352041
min     -5.300000    7.600000    0.000000  ...    0.100000    5.100000    0.000000
25%      2.300000   15.025000    0.000000  ...    7.625000   14.150000    0.000000
50%      7.450000   19.650000    0.000000  ...   12.550000   18.550000    0.000000
75%     12.500000   25.500000    0.200000  ...   17.000000   24.000000    0.200000
max     16.500000   33.200000    8.800000  ...   21.375000   31.600000    8.800000

[8 rows x 17 columns], 'correlation':                 MinTemp   MaxTemp  Rainfall  ...  RainToday   RISK_MM  RainTomorrow
MinTemp        1.000000  0.753208  0.234460  ...   0.229640  0.247257      0.223159
MaxTemp        0.753208  1.000000 -0.066972  ...  -0.063624  0.045621      0.049586
Rainfall       0.234460 -0.066972  1.000000  ...   0.863695  0.152780      0.148435
Evaporation    0.653257  0.699995 -0.022511  ...  -0.026026  0.084900      0.087212
Sunshine       0.031085  0.445437 -0.181803  ...  -0.168215 -0.404707     -0.386667
WindGustDir   -0.203626 -0.225057  0.031317  ...   0.055795  0.065333      0.050831
WindGustSpeed  0.220847  0.107085  0.134884  ...   0.178933  0.230951      0.221053
WindDir9am    -0.171688 -0.145778 -0.036295  ...  -0.007160 -0.089853     -0.056109
WindDir3pm    -0.070756  0.017553  0.066499  ...   0.046328 -0.031450      0.007165
WindSpeed9am   0.121579 -0.219793  0.241945  ...   0.256977  0.066224      0.070978
WindSpeed3pm  -0.082699 -0.191697  0.081032  ...   0.084288  0.014286      0.014355
Humidity9am   -0.207738 -0.355153  0.208770  ...   0.206593  0.175924      0.181634
Humidity3pm   -0.052727 -0.543851  0.318150  ...   0.310894  0.367398      0.338845
Pressure9am   -0.495406 -0.282915 -0.374392  ...  -0.354820 -0.331636     -0.333617
Pressure3pm   -0.491296 -0.372638 -0.294811  ...  -0.280860 -0.365113     -0.375912
Cloud9am       0.213360 -0.174071  0.225756  ...   0.214767  0.296840      0.284579
Cloud3pm       0.119821 -0.132186  0.110585  ...   0.094423  0.376206      0.388020
Temp9am        0.919094  0.867927  0.102461  ...   0.093139  0.204836      0.181358
Temp3pm        0.723852  0.989048 -0.079391  ...  -0.069747  0.006421      0.011201
RainToday      0.229640 -0.063624  0.863695  ...   1.000000  0.179296      0.168182
RISK_MM        0.247257  0.045621  0.152780  ...   0.179296  1.000000      0.863695
RainTomorrow   0.223159  0.049586  0.148435  ...   0.168182  0.863695      1.000000

[22 rows x 22 columns]}
2024-09-28 15:17:41,399 - INFO - Analysis results saved to data/weather_analysis_results.txt
2024-09-28 15:21:17,883 - INFO - Logging is configured successfully.
2024-09-28 15:21:18,055 - INFO - Loaded historical weather data.
2024-09-28 15:21:18,070 - INFO - Outliers handled.
2024-09-28 15:21:18,164 - INFO - Calculated basic statistics: {'describe':           MinTemp     MaxTemp    Rainfall  ...     Temp9am     Temp3pm     RISK_MM
count  366.000000  366.000000  366.000000  ...  366.000000  366.000000  366.000000
mean     7.210109   20.493716    1.008197  ...   12.294877   19.173224    1.008197
std      5.929308    6.575162    2.352041  ...    5.515646    6.523206    2.352041
min     -5.300000    7.600000    0.000000  ...    0.100000    5.100000    0.000000
25%      2.300000   15.025000    0.000000  ...    7.625000   14.150000    0.000000
50%      7.450000   19.650000    0.000000  ...   12.550000   18.550000    0.000000
75%     12.500000   25.500000    0.200000  ...   17.000000   24.000000    0.200000
max     16.500000   33.200000    8.800000  ...   21.375000   31.600000    8.800000

[8 rows x 17 columns], 'correlation':                 MinTemp   MaxTemp  Rainfall  ...  RainToday   RISK_MM  RainTomorrow
MinTemp        1.000000  0.753208  0.234460  ...   0.229640  0.247257      0.223159
MaxTemp        0.753208  1.000000 -0.066972  ...  -0.063624  0.045621      0.049586
Rainfall       0.234460 -0.066972  1.000000  ...   0.863695  0.152780      0.148435
Evaporation    0.653257  0.699995 -0.022511  ...  -0.026026  0.084900      0.087212
Sunshine       0.031085  0.445437 -0.181803  ...  -0.168215 -0.404707     -0.386667
WindGustDir   -0.203626 -0.225057  0.031317  ...   0.055795  0.065333      0.050831
WindGustSpeed  0.220847  0.107085  0.134884  ...   0.178933  0.230951      0.221053
WindDir9am    -0.171688 -0.145778 -0.036295  ...  -0.007160 -0.089853     -0.056109
WindDir3pm    -0.070756  0.017553  0.066499  ...   0.046328 -0.031450      0.007165
WindSpeed9am   0.121579 -0.219793  0.241945  ...   0.256977  0.066224      0.070978
WindSpeed3pm  -0.082699 -0.191697  0.081032  ...   0.084288  0.014286      0.014355
Humidity9am   -0.207738 -0.355153  0.208770  ...   0.206593  0.175924      0.181634
Humidity3pm   -0.052727 -0.543851  0.318150  ...   0.310894  0.367398      0.338845
Pressure9am   -0.495406 -0.282915 -0.374392  ...  -0.354820 -0.331636     -0.333617
Pressure3pm   -0.491296 -0.372638 -0.294811  ...  -0.280860 -0.365113     -0.375912
Cloud9am       0.213360 -0.174071  0.225756  ...   0.214767  0.296840      0.284579
Cloud3pm       0.119821 -0.132186  0.110585  ...   0.094423  0.376206      0.388020
Temp9am        0.919094  0.867927  0.102461  ...   0.093139  0.204836      0.181358
Temp3pm        0.723852  0.989048 -0.079391  ...  -0.069747  0.006421      0.011201
RainToday      0.229640 -0.063624  0.863695  ...   1.000000  0.179296      0.168182
RISK_MM        0.247257  0.045621  0.152780  ...   0.179296  1.000000      0.863695
RainTomorrow   0.223159  0.049586  0.148435  ...   0.168182  0.863695      1.000000

[22 rows x 22 columns]}
2024-09-28 15:21:18,211 - INFO - Analysis results saved to data/weather_analysis_results.txt
2024-09-28 15:21:20,898 - INFO - Weather forecast saved to data/weather_forecasts.txt
